<?xml version="1.0" encoding="UTF-8"?>
<!-- Generated by org.testng.reporters.JUnitReportReporter -->
<testsuite hostname="DESKTOP-EU71MIR" failures="0" tests="3" name="testng_batch.Sample3" time="0.024" errors="0" timestamp="2024-06-16T00:10:46 IST" skipped="0">
  <testcase classname="testng_batch.Sample3" name="TC7" time="0.006">
    <system-out>
      <![CDATA[TC7]]>
    </system-out>
  </testcase> <!-- TC7 -->
  <testcase classname="testng_batch.Sample3" name="TC9" time="0.006">
    <system-out>
      <![CDATA[TC9]]>
    </system-out>
  </testcase> <!-- TC9 -->
  <testcase classname="testng_batch.Sample3" name="TC8" time="0.012">
    <system-out>
      <![CDATA[TC8]]>
    </system-out>
  </testcase> <!-- TC8 -->
  <system-out>
    <![CDATA[TC1
TC2
TC3
TC4
TC5
TC6
TC7
TC8
TC9]]>
  </system-out>
</testsuite> <!-- testng_batch.Sample3 -->
