<?xml version="1.0" encoding="UTF-8"?>
<!-- Generated by org.testng.reporters.JUnitReportReporter -->
<testsuite hostname="DESKTOP-EU71MIR" failures="0" tests="1" name="testNg.Timeouts" time="0.034" errors="0" timestamp="2024-06-15T23:37:50 IST" skipped="0">
  <testcase classname="testNg.Timeouts" name="TC" time="0.034">
    <system-out>
      <![CDATA[Hii running TC]]>
    </system-out>
  </testcase> <!-- TC -->
  <system-out>
    <![CDATA[Hii running TC]]>
  </system-out>
</testsuite> <!-- testNg.Timeouts -->
