<?xml version="1.0" encoding="UTF-8"?>
<!-- Generated by org.testng.reporters.JUnitReportReporter -->
<testsuite hostname="DESKTOP-EU71MIR" failures="0" tests="1" name="testNg.Annotations_Flow" time="0.022" errors="0" timestamp="2024-06-15T23:26:44 IST" skipped="0">
  <testcase classname="testNg.Annotations_Flow" name="TC" time="0.022">
    <system-out>
      <![CDATA[====Actaul TC====]]>
    </system-out>
  </testcase> <!-- TC -->
  <system-out>
    <![CDATA[====DB CONNECION====
====LAUNCH BROWSER====
====Open AAplication====
====Actaul TC====
====CLOSE BROWSER====
====DB DISCONNECTION====]]>
  </system-out>
</testsuite> <!-- testNg.Annotations_Flow -->
