<?xml version="1.0" encoding="UTF-8"?>
<!-- Generated by org.testng.reporters.JUnitReportReporter -->
<testsuite hostname="DESKTOP-EU71MIR" failures="0" tests="3" name="testng_batch.Sample2" time="0.014" errors="0" timestamp="2024-06-16T00:10:46 IST" skipped="0">
  <testcase classname="testng_batch.Sample2" name="TC6" time="0.004">
    <system-out>
      <![CDATA[TC6]]>
    </system-out>
  </testcase> <!-- TC6 -->
  <testcase classname="testng_batch.Sample2" name="TC4" time="0.003">
    <system-out>
      <![CDATA[TC4]]>
    </system-out>
  </testcase> <!-- TC4 -->
  <testcase classname="testng_batch.Sample2" name="TC5" time="0.007">
    <system-out>
      <![CDATA[TC5]]>
    </system-out>
  </testcase> <!-- TC5 -->
  <system-out>
    <![CDATA[TC1
TC2
TC3
TC4
TC5
TC6
TC7
TC8
TC9]]>
  </system-out>
</testsuite> <!-- testng_batch.Sample2 -->
