<?xml version="1.0" encoding="UTF-8"?>
<!-- Generated by org.testng.reporters.JUnitReportReporter -->
<testsuite hostname="DESKTOP-EU71MIR" failures="0" tests="10" name="testNg.Invocation_Count" time="0.091" errors="0" timestamp="2024-06-15T23:35:32 IST" skipped="0">
  <testcase classname="testNg.Invocation_Count" name="TC" time="0.005">
    <system-out>
      <![CDATA[Hii]]>
    </system-out>
  </testcase> <!-- TC -->
  <testcase classname="testNg.Invocation_Count" name="TC" time="0.005">
    <system-out>
      <![CDATA[Hii]]>
    </system-out>
  </testcase> <!-- TC -->
  <testcase classname="testNg.Invocation_Count" name="TC" time="0.005">
    <system-out>
      <![CDATA[Hii]]>
    </system-out>
  </testcase> <!-- TC -->
  <testcase classname="testNg.Invocation_Count" name="TC" time="0.029">
    <system-out>
      <![CDATA[Hii]]>
    </system-out>
  </testcase> <!-- TC -->
  <testcase classname="testNg.Invocation_Count" name="TC" time="0.009">
    <system-out>
      <![CDATA[Hii]]>
    </system-out>
  </testcase> <!-- TC -->
  <testcase classname="testNg.Invocation_Count" name="TC" time="0.007">
    <system-out>
      <![CDATA[Hii]]>
    </system-out>
  </testcase> <!-- TC -->
  <testcase classname="testNg.Invocation_Count" name="TC" time="0.005">
    <system-out>
      <![CDATA[Hii]]>
    </system-out>
  </testcase> <!-- TC -->
  <testcase classname="testNg.Invocation_Count" name="TC" time="0.004">
    <system-out>
      <![CDATA[Hii]]>
    </system-out>
  </testcase> <!-- TC -->
  <testcase classname="testNg.Invocation_Count" name="TC" time="0.010">
    <system-out>
      <![CDATA[Hii]]>
    </system-out>
  </testcase> <!-- TC -->
  <testcase classname="testNg.Invocation_Count" name="TC" time="0.012">
    <system-out>
      <![CDATA[Hii]]>
    </system-out>
  </testcase> <!-- TC -->
  <system-out>
    <![CDATA[Hii
Hii
Hii
Hii
Hii
Hii
Hii
Hii
Hii
Hii]]>
  </system-out>
</testsuite> <!-- testNg.Invocation_Count -->
