<?xml version="1.0" encoding="UTF-8"?>
<!-- Generated by org.testng.reporters.JUnitReportReporter -->
<testsuite hostname="DESKTOP-EU71MIR" failures="0" tests="3" name="testNg.Enabled_False" time="0.028" errors="0" timestamp="2024-06-15T23:33:45 IST" skipped="1">
  <testcase classname="testNg.Enabled_False" name="TC2" time="0.022">
    <system-out>
      <![CDATA[Hii gm]]>
    </system-out>
  </testcase> <!-- TC2 -->
  <testcase classname="testNg.Enabled_False" name="TC3" time="0.006">
    <system-out>
      <![CDATA[Hii ga]]>
    </system-out>
  </testcase> <!-- TC3 -->
  <testcase classname="testNg.Enabled_False" name="TC1">
    <skipped/>
  </testcase> <!-- TC1 -->
  <system-out>
    <![CDATA[Hii gm
Hii ga]]>
  </system-out>
</testsuite> <!-- testNg.Enabled_False -->
