<?xml version="1.0" encoding="UTF-8"?>
<!-- Generated by org.testng.reporters.JUnitReportReporter -->
<testsuite hostname="DESKTOP-EU71MIR" failures="0" tests="2" name="testNg.Demo" time="0.027" errors="0" timestamp="2024-06-15T23:10:39 IST" skipped="0">
  <testcase classname="testNg.Demo" name="TC1" time="0.024">
    <system-out>
      <![CDATA[Hi]]>
    </system-out>
  </testcase> <!-- TC1 -->
  <testcase classname="testNg.Demo" name="TC2" time="0.003">
    <system-out>
      <![CDATA[Hello]]>
    </system-out>
  </testcase> <!-- TC2 -->
  <system-out>
    <![CDATA[Hi
Hello]]>
  </system-out>
</testsuite> <!-- testNg.Demo -->
