<?xml version="1.0" encoding="UTF-8"?>
<!-- Generated by org.testng.reporters.JUnitReportReporter -->
<testsuite hostname="DESKTOP-EU71MIR" failures="0" tests="1" name="testNg.Demo1" time="0.025" errors="0" timestamp="2024-06-15T23:42:02 IST" skipped="0">
  <testcase classname="testNg.Demo1" name="Tc" time="0.025">
    <system-out>
      <![CDATA[hi]]>
    </system-out>
  </testcase> <!-- Tc -->
  <system-out>
    <![CDATA[hi]]>
  </system-out>
</testsuite> <!-- testNg.Demo1 -->
